Using pre-set license
Built from '2022.3/staging' branch; Version is '2022.3.3f1 (7cdc2969a641) revision 8182825'; Using compiler version '192829333'; Build Type 'Release'
OS: 'Windows 10  (10.0.19045) 64bit Professional' Language: 'en' Physical Memory: 32710 MB
BatchMode: 1, IsHumanControllingUs: 0, StartBugReporterOnCrash: 0, Is64bit: 1, IsPro: 1

COMMAND LINE ARGUMENTS:
C:\Program Files\Unity 2022.3.3f1\Editor\Unity.exe
-adb2
-batchMode
-noUpm
-name
AssetImportWorker2
-projectPath
E:/Repositories/Unity/2025.04.21-Merge-Sticker-Playbook/Merge Sticker Playbook - Color Quest
-logFile
Logs/AssetImportWorker2.log
-srvPort
50852
Successfully changed project path to: E:/Repositories/Unity/2025.04.21-Merge-Sticker-Playbook/Merge Sticker Playbook - Color Quest
E:/Repositories/Unity/2025.04.21-Merge-Sticker-Playbook/Merge Sticker Playbook - Color Quest
[UnityMemory] Configuration Parameters - Can be set up in boot.config
    "memorysetup-bucket-allocator-granularity=16"
    "memorysetup-bucket-allocator-bucket-count=8"
    "memorysetup-bucket-allocator-block-size=33554432"
    "memorysetup-bucket-allocator-block-count=8"
    "memorysetup-main-allocator-block-size=16777216"
    "memorysetup-thread-allocator-block-size=16777216"
    "memorysetup-gfx-main-allocator-block-size=16777216"
    "memorysetup-gfx-thread-allocator-block-size=16777216"
    "memorysetup-cache-allocator-block-size=4194304"
    "memorysetup-typetree-allocator-block-size=2097152"
    "memorysetup-profiler-bucket-allocator-granularity=16"
    "memorysetup-profiler-bucket-allocator-bucket-count=8"
    "memorysetup-profiler-bucket-allocator-block-size=33554432"
    "memorysetup-profiler-bucket-allocator-block-count=8"
    "memorysetup-profiler-allocator-block-size=16777216"
    "memorysetup-profiler-editor-allocator-block-size=1048576"
    "memorysetup-temp-allocator-size-main=16777216"
    "memorysetup-job-temp-allocator-block-size=2097152"
    "memorysetup-job-temp-allocator-block-size-background=1048576"
    "memorysetup-job-temp-allocator-reduction-small-platforms=262144"
    "memorysetup-allocator-temp-initial-block-size-main=262144"
    "memorysetup-allocator-temp-initial-block-size-worker=262144"
    "memorysetup-temp-allocator-size-background-worker=32768"
    "memorysetup-temp-allocator-size-job-worker=262144"
    "memorysetup-temp-allocator-size-preload-manager=33554432"
    "memorysetup-temp-allocator-size-nav-mesh-worker=65536"
    "memorysetup-temp-allocator-size-audio-worker=65536"
    "memorysetup-temp-allocator-size-cloud-worker=32768"
    "memorysetup-temp-allocator-size-gi-baking-worker=262144"
    "memorysetup-temp-allocator-size-gfx=262144"
Player connection [26000] Host "[IP] 192.168.0.210 [Port] 0 [Flags] 2 [Guid] 741720423 [EditorId] 741720423 [Version] 1048832 [Id] WindowsEditor(7,DESKTOP-TOC2DGL) [Debug] 1 [PackageName] WindowsEditor [ProjectName] Editor" joined multi-casting on [225.0.0.222:54997]...

Player connection [26000] Host "[IP] 192.168.0.210 [Port] 0 [Flags] 2 [Guid] 741720423 [EditorId] 741720423 [Version] 1048832 [Id] WindowsEditor(7,DESKTOP-TOC2DGL) [Debug] 1 [PackageName] WindowsEditor [ProjectName] Editor" joined alternative multi-casting on [225.0.0.222:34997]...

Refreshing native plugins compatible for Editor in 6.73 ms, found 3 plugins.
Preloading 0 native plugins for Editor in 0.00 ms.
Initialize engine version: 2022.3.3f1 (7cdc2969a641)
[Subsystems] Discovering subsystems at path C:/Program Files/Unity 2022.3.3f1/Editor/Data/Resources/UnitySubsystems
[Subsystems] Discovering subsystems at path E:/Repositories/Unity/2025.04.21-Merge-Sticker-Playbook/Merge Sticker Playbook - Color Quest/Assets
GfxDevice: creating device client; threaded=0; jobified=0
Direct3D:
    Version:  Direct3D 11.0 [level 11.1]
    Renderer: NVIDIA GeForce RTX 2060 (ID=0x1e89)
    Vendor:   NVIDIA
    VRAM:     5945 MB
    Driver:   32.0.15.7260
Initialize mono
Mono path[0] = 'C:/Program Files/Unity 2022.3.3f1/Editor/Data/Managed'
Mono path[1] = 'C:/Program Files/Unity 2022.3.3f1/Editor/Data/MonoBleedingEdge/lib/mono/unityjit-win32'
Mono config path = 'C:/Program Files/Unity 2022.3.3f1/Editor/Data/MonoBleedingEdge/etc'
Using monoOptions --debugger-agent=transport=dt_socket,embedding=1,server=y,suspend=n,address=127.0.0.1:56272
Begin MonoManager ReloadAssembly
Registering precompiled unity dll's ...
Register platform support module: C:/Program Files/Unity 2022.3.3f1/Editor/Data/PlaybackEngines/WindowsStandaloneSupport/UnityEditor.WindowsStandalone.Extensions.dll
Registered in 0.005974 seconds.
- Loaded All Assemblies, in  0.294 seconds
Native extension for WindowsStandalone target not found
Mono: successfully reloaded assembly
- Finished resetting the current domain, in  0.235 seconds
Domain Reload Profiling: 527ms
	BeginReloadAssembly (78ms)
		ExecutionOrderSort (0ms)
		DisableScriptedObjects (0ms)
		BackupInstance (0ms)
		ReleaseScriptingObjects (0ms)
		CreateAndSetChildDomain (1ms)
	RebuildCommonClasses (32ms)
	RebuildNativeTypeToScriptingClass (11ms)
	initialDomainReloadingComplete (53ms)
	LoadAllAssembliesAndSetupDomain (119ms)
		LoadAssemblies (76ms)
		RebuildTransferFunctionScriptingTraits (0ms)
		AnalyzeDomain (113ms)
			TypeCache.Refresh (112ms)
				TypeCache.ScanAssembly (103ms)
			ScanForSourceGeneratedMonoScriptInfo (0ms)
			ResolveRequiredComponents (0ms)
	FinalizeReload (235ms)
		ReleaseScriptCaches (0ms)
		RebuildScriptCaches (0ms)
		SetupLoadedEditorAssemblies (183ms)
			LogAssemblyErrors (0ms)
			InitializePlatformSupportModulesInManaged (8ms)
			SetLoadedEditorAssemblies (7ms)
			RefreshPlugins (0ms)
			BeforeProcessingInitializeOnLoad (2ms)
			ProcessInitializeOnLoadAttributes (121ms)
			ProcessInitializeOnLoadMethodAttributes (45ms)
			AfterProcessingInitializeOnLoad (0ms)
			EditorAssembliesLoaded (0ms)
		ExecutionOrderSort2 (0ms)
		AwakeInstancesAfterBackupRestoration (0ms)
========================================================================
Worker process is ready to serve import requests
Begin MonoManager ReloadAssembly
Symbol file LoadedFromMemory doesn't match image E:\Repositories\Unity\2025.04.21-Merge-Sticker-Playbook\Merge Sticker Playbook - Color Quest\Library\PackageCache\com.unity.visualscripting@1.8.0\Editor\VisualScripting.Core\Dependencies\YamlDotNet\Unity.VisualScripting.YamlDotNet.dll
Symbol file LoadedFromMemory doesn't match image E:\Repositories\Unity\2025.04.21-Merge-Sticker-Playbook\Merge Sticker Playbook - Color Quest\Library\PackageCache\com.unity.visualscripting@1.8.0\Editor\VisualScripting.Core\Dependencies\DotNetZip\Unity.VisualScripting.IonicZip.dll
- Loaded All Assemblies, in  0.630 seconds
Refreshing native plugins compatible for Editor in 2.28 ms, found 3 plugins.
Native extension for WindowsStandalone target not found
Package Manager log level set to [2]
[Package Manager] Server::EnsureServerProcessIsRunning -- launch failed, reason: Unity was launched with the -noUpm command-line argument
[Package Manager] UpmClient::Send -- Unable to send message (not connected to UPM process).
[Package Manager] Cannot connect to Unity Package Manager local server
Failed to sync packages list
UnityEngine.StackTraceUtility:ExtractStackTrace ()
UnityEngine.DebugLogHandler:LogFormat (UnityEngine.LogType,UnityEngine.Object,string,object[])
UnityEngine.Logger:Log (UnityEngine.LogType,object)
UnityEngine.Debug:LogWarning (object)
 .  / :MoveNext ()
System.Runtime.CompilerServices.AsyncVoidMethodBuilder:Start< .  / > ( .  / &)
 .  :  ()
 .⁪/ :MoveNext ()
System.Runtime.CompilerServices.AsyncTaskMethodBuilder:Start< .⁪/ > ( .⁪/ &)
 .⁪:  ()
System.Reflection.RuntimeMethodInfo:Invoke (object,System.Reflection.BindingFlags,System.Reflection.Binder,object[],System.Globalization.CultureInfo)
System.Reflection.MethodBase:Invoke (object,object[])
UnityEditor.EditorAssemblies:ProcessInitializeOnLoadMethodAttributes ()

Mono: successfully reloaded assembly
- Finished resetting the current domain, in  0.559 seconds
Domain Reload Profiling: 1188ms
	BeginReloadAssembly (115ms)
		ExecutionOrderSort (0ms)
		DisableScriptedObjects (5ms)
		BackupInstance (0ms)
		ReleaseScriptingObjects (0ms)
		CreateAndSetChildDomain (19ms)
	RebuildCommonClasses (32ms)
	RebuildNativeTypeToScriptingClass (11ms)
	initialDomainReloadingComplete (38ms)
	LoadAllAssembliesAndSetupDomain (433ms)
		LoadAssemblies (223ms)
		RebuildTransferFunctionScriptingTraits (0ms)
		AnalyzeDomain (266ms)
			TypeCache.Refresh (250ms)
				TypeCache.ScanAssembly (240ms)
			ScanForSourceGeneratedMonoScriptInfo (12ms)
			ResolveRequiredComponents (3ms)
	FinalizeReload (560ms)
		ReleaseScriptCaches (0ms)
		RebuildScriptCaches (0ms)
		SetupLoadedEditorAssemblies (436ms)
			LogAssemblyErrors (0ms)
			InitializePlatformSupportModulesInManaged (5ms)
			SetLoadedEditorAssemblies (4ms)
			RefreshPlugins (0ms)
			BeforeProcessingInitializeOnLoad (54ms)
			ProcessInitializeOnLoadAttributes (328ms)
			ProcessInitializeOnLoadMethodAttributes (38ms)
			AfterProcessingInitializeOnLoad (7ms)
			EditorAssembliesLoaded (0ms)
		ExecutionOrderSort2 (0ms)
		AwakeInstancesAfterBackupRestoration (5ms)
Launched and connected shader compiler UnityShaderCompiler.exe after 0.04 seconds
Refreshing native plugins compatible for Editor in 3.29 ms, found 3 plugins.
Preloading 0 native plugins for Editor in 0.00 ms.
Unloading 3143 Unused Serialized files (Serialized files now loaded: 0)
Unloading 33 unused Assets / (56.8 KB). Loaded Objects now: 3639.
Memory consumption went from 126.6 MB to 126.5 MB.
Total: 4.012100 ms (FindLiveObjects: 0.455000 ms CreateObjectMapping: 0.117100 ms MarkObjects: 3.312600 ms  DeleteObjects: 0.125800 ms)

AssetImportParameters requested are different than current active one (requested -> active):
  custom:container-demuxer-ogg: 62fdf1f143b41e24485cea50d1cbac27 -> 
  custom:scripting/monoscript/fileName/Circle.cs: 92dbeee2f400c3aebe7ad070a844255a -> 
  custom:video-decoder-ogg-theora: a1e56fd34408186e4bbccfd4996cb3dc -> 
  custom:framework-win-MediaFoundation: 216162199b28c13a410421893ffa2e32 -> 
  custom:container-demuxer-webm: 4f35f7cbe854078d1ac9338744f61a02 -> 
  custom:container-muxer-webm: aa71ff27fc2769a1b78a27578f13a17b -> 
  custom:video-decoder-webm-vp8: 9c59270c3fd7afecdb556c50c9e8de78 -> 
  custom:AudioImporter_EditorPlatform: d09bf68614088b80899f8185d706f6e7 -> 
  custom:scripting/monoscript/fileName/CircleColor.cs: 9ac3b208a48b8d71a1ef651bad805f2e -> 
  custom:video-encoder-webm-vp8: eb34c28f22e8b96e1ab97ce403110664 -> 
  custom:audio-decoder-ogg-vorbis: bf7c407c2cedff20999df2af8eb42d56 -> 
  custom:audio-encoder-webm-vorbis: bf7c407c2cedff20999df2af8eb42d56 -> 
========================================================================
Received Import Request.
  Time since last request: 14755.993382 seconds.
  path: Assets/Sprites/boquet of flowers/bof-bg.png
  artifactKey: Guid(173f79300e9a19f499de76821fae8f58) Importer(815301076,1909f56bfc062723c751e8b465ee728b)
Start importing Assets/Sprites/boquet of flowers/bof-bg.png using Guid(173f79300e9a19f499de76821fae8f58) Importer(815301076,1909f56bfc062723c751e8b465ee728b)  -> (artifact id: 'eec36e55c53ccc612b87565bfc2a57b5') in 0.109701 seconds
Number of updated asset objects reloaded before import = 0
Number of asset objects unloaded after import = 3
========================================================================
Received Import Request.
  Time since last request: 2.926874 seconds.
  path: Assets/Sprites/UI/background-ui.png
  artifactKey: Guid(9670a05fd137c084fa7d81bca9e8b8d2) Importer(815301076,1909f56bfc062723c751e8b465ee728b)
Start importing Assets/Sprites/UI/background-ui.png using Guid(9670a05fd137c084fa7d81bca9e8b8d2) Importer(815301076,1909f56bfc062723c751e8b465ee728b)  -> (artifact id: '760c258962a0c9edee228496273671fd') in 0.030296 seconds
Number of updated asset objects reloaded before import = 0
Number of asset objects unloaded after import = 2
========================================================================
Received Import Request.
  Time since last request: 0.000017 seconds.
  path: Assets/Sprites/UI/swatch-top-yellow.png
  artifactKey: Guid(3b2ffd4cac790874399b4821931ab889) Importer(815301076,1909f56bfc062723c751e8b465ee728b)
Start importing Assets/Sprites/UI/swatch-top-yellow.png using Guid(3b2ffd4cac790874399b4821931ab889) Importer(815301076,1909f56bfc062723c751e8b465ee728b)  -> (artifact id: 'e7d7f56808214d4ad837463716975382') in 0.014500 seconds
Number of updated asset objects reloaded before import = 0
Number of asset objects unloaded after import = 2
========================================================================
Received Import Request.
  Time since last request: 0.000025 seconds.
  path: Assets/Sprites/UI/swatch-top-blue.png
  artifactKey: Guid(4c1d946bbf6b04344a94046b21bd0b35) Importer(815301076,1909f56bfc062723c751e8b465ee728b)
Start importing Assets/Sprites/UI/swatch-top-blue.png using Guid(4c1d946bbf6b04344a94046b21bd0b35) Importer(815301076,1909f56bfc062723c751e8b465ee728b)  -> (artifact id: 'a20efcc081d384a94cf85af5cbb69ec6') in 0.016260 seconds
Number of updated asset objects reloaded before import = 0
Number of asset objects unloaded after import = 2
========================================================================
Received Import Request.
  Time since last request: 0.000023 seconds.
  path: Assets/Sprites/UI/swatch-top-brown.png
  artifactKey: Guid(90bd9ba8d7b470a4382e3a5619af6a40) Importer(815301076,1909f56bfc062723c751e8b465ee728b)
Start importing Assets/Sprites/UI/swatch-top-brown.png using Guid(90bd9ba8d7b470a4382e3a5619af6a40) Importer(815301076,1909f56bfc062723c751e8b465ee728b)  -> (artifact id: 'e740ff86736f551388b592b58c505a22') in 0.015953 seconds
Number of updated asset objects reloaded before import = 0
Number of asset objects unloaded after import = 2
========================================================================
Received Import Request.
  Time since last request: 0.000017 seconds.
  path: Assets/Sprites/UI/swatch-top-green.png
  artifactKey: Guid(448c50f423b3ea14bbeae3e411650f7d) Importer(815301076,1909f56bfc062723c751e8b465ee728b)
Start importing Assets/Sprites/UI/swatch-top-green.png using Guid(448c50f423b3ea14bbeae3e411650f7d) Importer(815301076,1909f56bfc062723c751e8b465ee728b)  -> (artifact id: 'd555041c475a9f349515324f783d8992') in 0.014139 seconds
Number of updated asset objects reloaded before import = 0
Number of asset objects unloaded after import = 2
========================================================================
Received Import Request.
  Time since last request: 5.450221 seconds.
  path: Assets/Sprites/UI/background-ui.png
  artifactKey: Guid(9670a05fd137c084fa7d81bca9e8b8d2) Importer(815301076,1909f56bfc062723c751e8b465ee728b)
Start importing Assets/Sprites/UI/background-ui.png using Guid(9670a05fd137c084fa7d81bca9e8b8d2) Importer(815301076,1909f56bfc062723c751e8b465ee728b)  -> (artifact id: '3cf7db02dde6a4d80de4c72069ad9c6f') in 0.024179 seconds
Number of updated asset objects reloaded before import = 0
Number of asset objects unloaded after import = 3
========================================================================
Received Import Request.
  Time since last request: 0.000021 seconds.
  path: Assets/Sprites/UI/swatch-bottom-blue.png
  artifactKey: Guid(bb6d79ac542d17f41bf53a8c105a7a5d) Importer(815301076,1909f56bfc062723c751e8b465ee728b)
Start importing Assets/Sprites/UI/swatch-bottom-blue.png using Guid(bb6d79ac542d17f41bf53a8c105a7a5d) Importer(815301076,1909f56bfc062723c751e8b465ee728b)  -> (artifact id: '4b69ff950b26c707a129597bad3c2b62') in 0.019889 seconds
Number of updated asset objects reloaded before import = 0
Number of asset objects unloaded after import = 3
========================================================================
Received Import Request.
  Time since last request: 0.000025 seconds.
  path: Assets/Sprites/UI/swatch-top-yellow.png
  artifactKey: Guid(3b2ffd4cac790874399b4821931ab889) Importer(815301076,1909f56bfc062723c751e8b465ee728b)
Start importing Assets/Sprites/UI/swatch-top-yellow.png using Guid(3b2ffd4cac790874399b4821931ab889) Importer(815301076,1909f56bfc062723c751e8b465ee728b)  -> (artifact id: 'c8911128e683a4ebdc93d9650c776407') in 0.016478 seconds
Number of updated asset objects reloaded before import = 0
Number of asset objects unloaded after import = 3
========================================================================
Received Import Request.
  Time since last request: 0.000015 seconds.
  path: Assets/Sprites/UI/swatch-bottom-red.png
  artifactKey: Guid(ee23885b299cefe4fa3e6c421b17bfa2) Importer(815301076,1909f56bfc062723c751e8b465ee728b)
Start importing Assets/Sprites/UI/swatch-bottom-red.png using Guid(ee23885b299cefe4fa3e6c421b17bfa2) Importer(815301076,1909f56bfc062723c751e8b465ee728b)  -> (artifact id: 'ff869ba9b786edba9551336186c79aa9') in 0.015191 seconds
Number of updated asset objects reloaded before import = 0
Number of asset objects unloaded after import = 3
========================================================================
Received Import Request.
  Time since last request: 0.000021 seconds.
  path: Assets/Sprites/UI/swatch-top-brown.png
  artifactKey: Guid(90bd9ba8d7b470a4382e3a5619af6a40) Importer(815301076,1909f56bfc062723c751e8b465ee728b)
Start importing Assets/Sprites/UI/swatch-top-brown.png using Guid(90bd9ba8d7b470a4382e3a5619af6a40) Importer(815301076,1909f56bfc062723c751e8b465ee728b)  -> (artifact id: '14f7d63e56dc18e8c75e98d8463cd02c') in 0.013738 seconds
Number of updated asset objects reloaded before import = 0
Number of asset objects unloaded after import = 3
========================================================================
Received Import Request.
  Time since last request: 0.000022 seconds.
  path: Assets/Sprites/UI/swatch-top-green.png
  artifactKey: Guid(448c50f423b3ea14bbeae3e411650f7d) Importer(815301076,1909f56bfc062723c751e8b465ee728b)
Start importing Assets/Sprites/UI/swatch-top-green.png using Guid(448c50f423b3ea14bbeae3e411650f7d) Importer(815301076,1909f56bfc062723c751e8b465ee728b)  -> (artifact id: 'b083d987ab363754fcad97ed2bf8d1c9') in 0.016180 seconds
Number of updated asset objects reloaded before import = 0
Number of asset objects unloaded after import = 3
========================================================================
Received Import Request.
  Time since last request: 0.000026 seconds.
  path: Assets/Sprites/UI/swatch-top-red.png
  artifactKey: Guid(a4f21d969bc2b2a4b9896cb93887be8e) Importer(815301076,1909f56bfc062723c751e8b465ee728b)
Start importing Assets/Sprites/UI/swatch-top-red.png using Guid(a4f21d969bc2b2a4b9896cb93887be8e) Importer(815301076,1909f56bfc062723c751e8b465ee728b)  -> (artifact id: '92c61c410d2337bbfb6820e38fd4b85a') in 0.015886 seconds
Number of updated asset objects reloaded before import = 0
Number of asset objects unloaded after import = 3
========================================================================
Received Import Request.
  Time since last request: 64.548336 seconds.
  path: Assets/Sprites/fruit basket/fb-apple.png
  artifactKey: Guid(4d2f47607df2dcf4eb5874f2e4791454) Importer(815301076,1909f56bfc062723c751e8b465ee728b)
Start importing Assets/Sprites/fruit basket/fb-apple.png using Guid(4d2f47607df2dcf4eb5874f2e4791454) Importer(815301076,1909f56bfc062723c751e8b465ee728b)  -> (artifact id: '18164d81320fc95f8d9ffa6af493ed68') in 0.016982 seconds
Number of updated asset objects reloaded before import = 0
Number of asset objects unloaded after import = 2
========================================================================
Received Import Request.
  Time since last request: 0.000016 seconds.
  path: Assets/Sprites/fruit basket/fb-blueberry.png
  artifactKey: Guid(fdf5e15cc0e1f3f49bf6ca1e64f0484f) Importer(815301076,1909f56bfc062723c751e8b465ee728b)
Start importing Assets/Sprites/fruit basket/fb-blueberry.png using Guid(fdf5e15cc0e1f3f49bf6ca1e64f0484f) Importer(815301076,1909f56bfc062723c751e8b465ee728b)  -> (artifact id: '5a9fddf41a720302f76b0242f7f4e2ca') in 0.017352 seconds
Number of updated asset objects reloaded before import = 0
Number of asset objects unloaded after import = 2
========================================================================
Received Import Request.
  Time since last request: 0.000017 seconds.
  path: Assets/Sprites/fruit basket/fb-outline.png
  artifactKey: Guid(ec4a9b0c820c0ee41a0d6e73654b8425) Importer(815301076,1909f56bfc062723c751e8b465ee728b)
Start importing Assets/Sprites/fruit basket/fb-outline.png using Guid(ec4a9b0c820c0ee41a0d6e73654b8425) Importer(815301076,1909f56bfc062723c751e8b465ee728b)  -> (artifact id: '34bb564a3ea4d9c7f9792e7e6927415a') in 0.016077 seconds
Number of updated asset objects reloaded before import = 0
Number of asset objects unloaded after import = 2
========================================================================
Received Import Request.
  Time since last request: 0.000018 seconds.
  path: Assets/Sprites/fruit basket/fb-grapes.png
  artifactKey: Guid(9264b1adb2dd5e5469e6eff5270a1627) Importer(815301076,1909f56bfc062723c751e8b465ee728b)
Start importing Assets/Sprites/fruit basket/fb-grapes.png using Guid(9264b1adb2dd5e5469e6eff5270a1627) Importer(815301076,1909f56bfc062723c751e8b465ee728b)  -> (artifact id: '6bfd9d0979fd6ae20bd79646ee6be661') in 0.016278 seconds
Number of updated asset objects reloaded before import = 0
Number of asset objects unloaded after import = 2
========================================================================
Received Import Request.
  Time since last request: 3.765156 seconds.
  path: Assets/Sprites/fruit basket/fb-apple.png
  artifactKey: Guid(4d2f47607df2dcf4eb5874f2e4791454) Importer(815301076,1909f56bfc062723c751e8b465ee728b)
Start importing Assets/Sprites/fruit basket/fb-apple.png using Guid(4d2f47607df2dcf4eb5874f2e4791454) Importer(815301076,1909f56bfc062723c751e8b465ee728b)  -> (artifact id: '5dd15184f43e10f86adb6ce073ce36a5') in 0.022331 seconds
Number of updated asset objects reloaded before import = 0
Number of asset objects unloaded after import = 3
========================================================================
Received Import Request.
  Time since last request: 0.000049 seconds.
  path: Assets/Sprites/fruit basket/fb-outline.png
  artifactKey: Guid(ec4a9b0c820c0ee41a0d6e73654b8425) Importer(815301076,1909f56bfc062723c751e8b465ee728b)
Start importing Assets/Sprites/fruit basket/fb-outline.png using Guid(ec4a9b0c820c0ee41a0d6e73654b8425) Importer(815301076,1909f56bfc062723c751e8b465ee728b)  -> (artifact id: '8231c9fb8660d8ae3188e43cb12caf3d') in 0.023236 seconds
Number of updated asset objects reloaded before import = 0
Number of asset objects unloaded after import = 3
========================================================================
Received Import Request.
  Time since last request: 0.000027 seconds.
  path: Assets/Sprites/fruit basket/fb-oranges.png
  artifactKey: Guid(86b98f944f9b94c4a8ff1999069bf652) Importer(815301076,1909f56bfc062723c751e8b465ee728b)
Start importing Assets/Sprites/fruit basket/fb-oranges.png using Guid(86b98f944f9b94c4a8ff1999069bf652) Importer(815301076,1909f56bfc062723c751e8b465ee728b)  -> (artifact id: 'ffb61cf747ac67ad79dbfcfefea8884e') in 0.022420 seconds
Number of updated asset objects reloaded before import = 0
Number of asset objects unloaded after import = 3
Editor requested this worker to shutdown with reason: Scaling down because of idle timeout
TcpMessagingSession - receive error: operation aborted. errorcode: 995, details: The I/O operation has been aborted because of either a thread exit or an application request.
AssetImportWorker is now disconnected from the server
Process exiting
Exiting without the bug reporter. Application will terminate with return code 0