Authorized using stored user info.
stderr: 'rm' is not recognized as an internal or external command,
operable program or batch file.

Exporting assets from Unity.............

[ Stage1 ] Assets exported from Unity and staged for further processing
Using E:/Repositories/Unity/2025.04.21-Merge-Sticker-Playbook/Merge Sticker Playbook - Color Quest/Assets/TextMesh Pro/Fonts/LiberationSans.ttf file to generate an atlas for LiberationSans[23734] font
  Using alphabet  §1234567890-=qwertyuiop[]asdfghjkl;'\`zxcvbnm,./±!@#$%^&*()_+QWERTYUIOP{}ASDFGHJKL:"|~ZXCVBNM<>?
Using E:/Repositories/Unity/2025.04.21-Merge-Sticker-Playbook/Merge Sticker Playbook - Color Quest/Assets/Font/BalooThambi-Regular.ttf file to generate an atlas for BalooThambi-Regular[23480] font
  Using alphabet  §1234567890-=qwertyuiop[]asdfghjkl;'\`zxcvbnm,./±!@#$%^&*()_+QWERTYUIOP{}ASDFGHJKL:"|~ZXCVBNM<>?
Combined 97 glyphs into bitmap texture at E:/Repositories/Unity/2025.04.21-Merge-Sticker-Playbook/Merge Sticker Playbook - Color Quest/LunaTemp/stage1/tmp/fonts/BalooThambi-Regular-23480/output_0.png (56kb)
Combined 97 glyphs into bitmap texture at E:/Repositories/Unity/2025.04.21-Merge-Sticker-Playbook/Merge Sticker Playbook - Color Quest/LunaTemp/stage1/tmp/fonts/LiberationSans-23734/output_0.png (56kb)
Found custom rules for texture Assets/Font/BalooThambi-Regular SDF.asset
  {"maxWidth":512,"maxHeight":512,"format":"png32","compression":"none","quality":65,"script":"","ext":"","name":"Assets/Font/BalooThambi-Regular SDF.asset","isOverride":true}
Found custom rules for texture Assets/TextMesh Pro/Resources/Fonts & Materials/LiberationSans SDF.asset
  {"maxWidth":512,"maxHeight":512,"format":"png32","compression":"none","quality":65,"script":"","ext":"","name":"Assets/TextMesh Pro/Resources/Fonts & Materials/LiberationSans SDF.asset","isOverride":true}
Resources:
{}
[ Stage2 ] Assets postprocessed and bundled successfully
Authorized using stored user info.
MSBuild version 17.13.19+0d9f5a35a for .NET Framework

Build started 4/29/2025 3:36:26 PM.



Project "E:\Repositories\Unity\2025.04.21-Merge-Sticker-Playbook\Merge Sticker Playbook - Color Quest\6.3.0\pipeline\templates\LunaCompiler\Scripts\Scripts.csproj" on node 1 (Rebuild target(s)).
CoreClean:

  Deleting file "E:\Repositories\Unity\2025.04.21-Merge-Sticker-Playbook\Merge Sticker Playbook - Color Quest\6.3.0\pipeline\templates\LunaCompiler\Scripts\bin\Debug\UnityScriptsCompiler.dll".

  Deleting file "E:\Repositories\Unity\2025.04.21-Merge-Sticker-Playbook\Merge Sticker Playbook - Color Quest\6.3.0\pipeline\templates\LunaCompiler\Scripts\bin\Debug\UnityScriptsCompiler.pdb".

  Deleting file "E:\Repositories\Unity\2025.04.21-Merge-Sticker-Playbook\Merge Sticker Playbook - Color Quest\6.3.0\pipeline\templates\LunaCompiler\Scripts\bin\Debug\Bridge.dll".

  Deleting file "E:\Repositories\Unity\2025.04.21-Merge-Sticker-Playbook\Merge Sticker Playbook - Color Quest\6.3.0\pipeline\templates\LunaCompiler\Scripts\bin\Debug\Bridge.Html5.dll".

  Deleting file "E:\Repositories\Unity\2025.04.21-Merge-Sticker-Playbook\Merge Sticker Playbook - Color Quest\6.3.0\pipeline\templates\LunaCompiler\Scripts\bin\Debug\Bridge.WebGL.dll".

  Deleting file "E:\Repositories\Unity\2025.04.21-Merge-Sticker-Playbook\Merge Sticker Playbook - Color Quest\6.3.0\pipeline\templates\LunaCompiler\Scripts\bin\Debug\DOTween.dll".

  Deleting file "E:\Repositories\Unity\2025.04.21-Merge-Sticker-Playbook\Merge Sticker Playbook - Color Quest\6.3.0\pipeline\templates\LunaCompiler\Scripts\bin\Debug\Newtonsoft.Json.dll".

  Deleting file "E:\Repositories\Unity\2025.04.21-Merge-Sticker-Playbook\Merge Sticker Playbook - Color Quest\6.3.0\pipeline\templates\LunaCompiler\Scripts\bin\Debug\Retyped.Core.dll".

  Deleting file "E:\Repositories\Unity\2025.04.21-Merge-Sticker-Playbook\Merge Sticker Playbook - Color Quest\6.3.0\pipeline\templates\LunaCompiler\Scripts\bin\Debug\Retyped.dom.dll".

  Deleting file "E:\Repositories\Unity\2025.04.21-Merge-Sticker-Playbook\Merge Sticker Playbook - Color Quest\6.3.0\pipeline\templates\LunaCompiler\Scripts\bin\Debug\Retyped.es5.dll".

  Deleting file "E:\Repositories\Unity\2025.04.21-Merge-Sticker-Playbook\Merge Sticker Playbook - Color Quest\6.3.0\pipeline\templates\LunaCompiler\Scripts\bin\Debug\Retyped.scripthost.dll".

  Deleting file "E:\Repositories\Unity\2025.04.21-Merge-Sticker-Playbook\Merge Sticker Playbook - Color Quest\6.3.0\pipeline\templates\LunaCompiler\Scripts\bin\Debug\TextMeshPro.dll".

  Deleting file "E:\Repositories\Unity\2025.04.21-Merge-Sticker-Playbook\Merge Sticker Playbook - Color Quest\6.3.0\pipeline\templates\LunaCompiler\Scripts\bin\Debug\UnityEngine.dll".

  Deleting file "E:\Repositories\Unity\2025.04.21-Merge-Sticker-Playbook\Merge Sticker Playbook - Color Quest\6.3.0\pipeline\templates\LunaCompiler\Scripts\bin\Debug\UnityEngine.UI.dll".

  Deleting file "E:\Repositories\Unity\2025.04.21-Merge-Sticker-Playbook\Merge Sticker Playbook - Color Quest\6.3.0\pipeline\templates\LunaCompiler\Scripts\bin\Debug\UnityEngine.UniversalRenderPipeline.dll".

  Deleting file "E:\Repositories\Unity\2025.04.21-Merge-Sticker-Playbook\Merge Sticker Playbook - Color Quest\6.3.0\pipeline\templates\LunaCompiler\Scripts\bin\Debug\Bridge.xml".

  Deleting file "E:\Repositories\Unity\2025.04.21-Merge-Sticker-Playbook\Merge Sticker Playbook - Color Quest\6.3.0\pipeline\templates\LunaCompiler\Scripts\bin\Debug\Bridge.Html5.xml".

  Deleting file "E:\Repositories\Unity\2025.04.21-Merge-Sticker-Playbook\Merge Sticker Playbook - Color Quest\6.3.0\pipeline\templates\LunaCompiler\Scripts\bin\Debug\Bridge.WebGL.xml".

  Deleting file "E:\Repositories\Unity\2025.04.21-Merge-Sticker-Playbook\Merge Sticker Playbook - Color Quest\6.3.0\pipeline\templates\LunaCompiler\Scripts\bin\Debug\Newtonsoft.Json.xml".

  Deleting file "E:\Repositories\Unity\2025.04.21-Merge-Sticker-Playbook\Merge Sticker Playbook - Color Quest\6.3.0\pipeline\templates\LunaCompiler\Scripts\bin\Debug\Retyped.Core.xml".

  Deleting file "E:\Repositories\Unity\2025.04.21-Merge-Sticker-Playbook\Merge Sticker Playbook - Color Quest\6.3.0\pipeline\templates\LunaCompiler\Scripts\bin\Debug\Retyped.dom.xml".

  Deleting file "E:\Repositories\Unity\2025.04.21-Merge-Sticker-Playbook\Merge Sticker Playbook - Color Quest\6.3.0\pipeline\templates\LunaCompiler\Scripts\bin\Debug\Retyped.es5.xml".

  Deleting file "E:\Repositories\Unity\2025.04.21-Merge-Sticker-Playbook\Merge Sticker Playbook - Color Quest\6.3.0\pipeline\templates\LunaCompiler\Scripts\bin\Debug\Retyped.scripthost.xml".

  Deleting file "E:\Repositories\Unity\2025.04.21-Merge-Sticker-Playbook\Merge Sticker Playbook - Color Quest\6.3.0\pipeline\templates\LunaCompiler\Scripts\obj\Debug\Scripts.csproj.AssemblyReference.cache".

  Deleting file "E:\Repositories\Unity\2025.04.21-Merge-Sticker-Playbook\Merge Sticker Playbook - Color Quest\6.3.0\pipeline\templates\LunaCompiler\Scripts\obj\Debug\Scripts.csproj.CoreCompileInputs.cache".

  Deleting file "E:\Repositories\Unity\2025.04.21-Merge-Sticker-Playbook\Merge Sticker Playbook - Color Quest\6.3.0\pipeline\templates\LunaCompiler\Scripts\obj\Debug\Scripts.csproj.Up2Date".

  Deleting file "E:\Repositories\Unity\2025.04.21-Merge-Sticker-Playbook\Merge Sticker Playbook - Color Quest\6.3.0\pipeline\templates\LunaCompiler\Scripts\obj\Debug\UnityScriptsCompiler.dll".

  Deleting file "E:\Repositories\Unity\2025.04.21-Merge-Sticker-Playbook\Merge Sticker Playbook - Color Quest\6.3.0\pipeline\templates\LunaCompiler\Scripts\obj\Debug\UnityScriptsCompiler.pdb".

GenerateTargetFrameworkMonikerAttribute:
Skipping target "GenerateTargetFrameworkMonikerAttribute" because all output files are up-to-date with respect to the input files.

CoreCompile:
  C:\Program Files\Microsoft Visual Studio\2022\Community\MSBuild\Current\Bin\Roslyn\csc.exe /noconfig /nowarn:CS0626,1701,1702 /fullpaths /nostdlib+ /errorreport:prompt /warn:4 /define:UNITY_LUNA;CSHARP_7_OR_LATER;CSHARP_7_3_OR_NEWER;UNITY_5_3_OR_NEWER;UNITY_5_4_OR_NEWER;UNITY_5_5_OR_NEWER;UNITY_2022;UNITY_2017_1_OR_NEWER;UNITY_2017_2_OR_NEWER;UNITY_2017_3_OR_NEWER;UNITY_2017_4_OR_NEWER;UNITY_2018_1_OR_NEWER;UNITY_2018_2_OR_NEWER;UNITY_2018_3_OR_NEWER;UNITY_2018_4_OR_NEWER;UNITY_2019_1_OR_NEWER;UNITY_2019_2_OR_NEWER;UNITY_2019_3_OR_NEWER;UNITY_2019_4_OR_NEWER;UNITY_2020_1_OR_NEWER;UNITY_2020_2_OR_NEWER;UNITY_2020_3_OR_NEWER;UNITY_2021_1_OR_NEWER;UNITY_2021_2_OR_NEWER;UNITY_2021_3_OR_NEWER;UNITY_2022_1_OR_NEWER;UNITY_2022_2_OR_NEWER;UNITY_2022_3_OR_NEWER;UNITY_2022_3;UNITY_2022_3_3 /highentropyva+ /reference:"E:\Repositories\Unity\2025.04.21-Merge-Sticker-Playbook\Merge Sticker Playbook - Color Quest\6.3.0\pipeline\templates\LunaCompiler\packages\Bridge.Core.17.9.42-luna\lib\net40\Bridge.dll" /reference:"E:\Repositories\Unity\2025.04.21-Merge-Sticker-Playbook\Merge Sticker Playbook - Color Quest\6.3.0\pipeline\templates\LunaCompiler\packages\Bridge.Html5.17.9.0\lib\net40\Bridge.Html5.dll" /reference:"E:\Repositories\Unity\2025.04.21-Merge-Sticker-Playbook\Merge Sticker Playbook - Color Quest\6.3.0\pipeline\templates\LunaCompiler\packages\Bridge.WebGL.1.22.0\lib\net40\Bridge.WebGL.dll" /reference:"E:\Repositories\Unity\2025.04.21-Merge-Sticker-Playbook\Merge Sticker Playbook - Color Quest\6.3.0\pipeline\templates\LunaCompiler\packages\DOTween.1.2.705\lib\net40\DOTween.dll" /reference:"E:\Repositories\Unity\2025.04.21-Merge-Sticker-Playbook\Merge Sticker Playbook - Color Quest\6.3.0\pipeline\templates\LunaCompiler\packages\Bridge.Newtonsoft.Json.1.16.0\lib\net40\N
ewtonsoft.Json.dll" /reference:"E:\Repositories\Unity\2025.04.21-Merge-Sticker-Playbook\Merge Sticker Playbook - Color Quest\6.3.0\pipeline\templates\LunaCompiler\packages\Retyped.Core.1.6.6733\lib\net40\Retyped.Core.dll" /reference:"E:\Repositories\Unity\2025.04.21-Merge-Sticker-Playbook\Merge Sticker Playbook - Color Quest\6.3.0\pipeline\templates\LunaCompiler\packages\Retyped.dom.2.8.6733\lib\net40\Retyped.dom.dll" /reference:"E:\Repositories\Unity\2025.04.21-Merge-Sticker-Playbook\Merge Sticker Playbook - Color Quest\6.3.0\pipeline\templates\LunaCompiler\packages\Retyped.es5.2.8.6733\lib\net40\Retyped.es5.dll" /reference:"E:\Repositories\Unity\2025.04.21-Merge-Sticker-Playbook\Merge Sticker Playbook - Color Quest\6.3.0\pipeline\templates\LunaCompiler\packages\Retyped.scripthost.2.8.6733\lib\net40\Retyped.scripthost.dll" /reference:"E:\Repositories\Unity\2025.04.21-Merge-Sticker-Playbook\Merge Sticker Playbook - Color Quest\6.3.0\pipeline\templates\LunaCompiler\packages\com.unity.textmeshpro\3.0.6\TextMeshPro.dll" /reference:"E:\Repositories\Unity\2025.04.21-Merge-Sticker-Playbook\Merge Sticker Playbook - Color Quest\6.3.0\pipeline\templates\LunaCompiler\Scripts\Vendor\UnityEngine.dll" /reference:"E:\Repositories\Unity\2025.04.21-Merge-Sticker-Playbook\Merge Sticker Playbook - Color Quest\6.3.0\pipeline\templates\LunaCompiler\packages\com.unity.ui\1.2.1\UnityEngine.UI.dll" /reference:"E:\Repositories\Unity\2025.04.21-Merge-Sticker-Playbook\Merge Sticker Playbook - Color Quest\6.3.0\pipeline\templates\LunaCompiler\packages\com.unity.urp\7.6\UnityEngine.UniversalRenderPipeline.dll" /debug+ /debug:full /optimize- /out:obj\Debug\UnityScriptsCompiler.dll /subsystemversion:6.00 /target:library /warnaserror- /utf8output /langversion:8 "E:\Repositories\Unity\2025.04.21-Merge-Sticker-Playbook\Merge Sticker Playbook - Color Quest\LunaTemp\stage3\processed-scripts\Assets\DOTween\DOTween_1_2_765\DOTween\Modules\DOTweenModuleAudio.cs" "E:\Repositories\Unity\2025.04.21-Merge-Sticker-Playbook\Merge Sticker Playbook - Color Quest\LunaTemp\stage3\processed-scripts\Assets\DOTween\DOTween_1_2_765\DOTween\Modules\DOTweenModuleEPOOutline.cs" "E:\Repositories\Unity\2025.04.21-Merge-Sticker-Playbook\Merge Sticker Playbook - Color Quest\LunaTemp\stage3\processed-scripts\Assets\DOTween\DOTween_1_2_765\DOTween\Modules\DOTweenModulePhysics.cs" "E:\Repositories\Unity\2025.04.21-Merge-Sticker-Playbook\Merge Sticker Playbook - Color Quest\LunaTemp\stage3\processed-scripts\Assets\DOTween\DOTween_1_2_765\DOTween\Modules\DOTweenModulePhysics2D.cs" "E:\Repositories\Unity\2025.04.21-Merge-Sticker-Playbook\Merge Sticker Playbook - Color Quest\LunaTemp\stage3\processed-scripts\Assets\DOTween\DOTween_1_2_765\DOTween\Modules\DOTweenModuleSprite.cs" "E:\Repositories\Unity\2025.04.21-Merge-Sticker-Playbook\Merge Sticker Playbook - Color Quest\LunaTemp\stage3\processed-scripts\Assets\DOTween\DOTween_1_2_765\DOTween\Modules\DOTweenModuleUI.cs" "E:\Repositories\Unity\2025.04.21-Merge-Sticker-Playbook\Merge Sticker Playbook - Color Quest\LunaTemp\stage3\processed-scripts\Assets\DOTween\DOTween_1_2_765\DOTween\Modules\DOTweenModuleUnityVersion.cs" "E:\Repositories\Unity\2025.04.21-Merge-Sticker-Playbook\Merge Sticker Playbook - Color Quest\LunaTemp\stage3\processed-scripts\Assets\DOTween\DOTween_1_2_765\DOTween\Modules\DOTweenModuleUtils.cs" "E:\Repositories\Unity\2025.04.21-Merge-Sticker-Playbook\Merge Sticker Playbook - Color Quest\LunaTemp\stage3\processed-scripts\Assets\Scripts\AudioManager.cs" "E:\Repositories\Unity\2025.04.21-Merge-Sticker-Playbook\Merge Sticker Playbook - Color Quest\LunaTemp\stage3\processed-scripts\Assets\Scripts\CheckmarkAnimation.cs" "E:\Repositories\Unity\2025.04.21-Merge-Sticker-Playbook\Merge Sticker Playbook - Color Quest\LunaTemp\stage3\processed-scripts\Assets\Scripts\CircleAnimation.cs" "E:\Repositories\Unity\2025.04.21-Merge-Sticker-Playbook\Merge Sticker Playbook - Color Quest\LunaTemp\stage3\processed-scripts\Assets\Scripts\CircleDrag.cs" "E:\Repositories\Unity\2025.04.21-Merge-Sticker-Playbook\Merge Sticker Playbook - Color Quest\LunaTemp\stage3\processed-scripts\Assets\Scripts\CircleDrop.cs" "E:\Repositories\Unity\2025.04.21-Merge-Sticker-Playbook\Merge Sticker Playbook - Color Quest\LunaTemp\stage3\processed-scripts\Assets\Scripts\DownloadNow.cs" "E:\Repositories\Unity\2025.04.21-Merge-Sticker-Playbook\Merge Sticker Playbook - Color Quest\LunaTemp\stage3\processed-scripts\Assets\Scripts\EndCardAnimation.cs" "E:\Repositories\Unity\2025.04.21-Merge-Sticker-Playbook\Merge Sticker Playbook - Color Quest\LunaTemp\stage3\processed-scripts\Assets\Scripts\LevelManager.cs" "E:\Repositories\Unity\2025.04.21-Merge-Sticker-Playbook\Merge Sticker Playbook - Color Quest\LunaTemp\stage3\processed-scripts\Assets\Scripts\LongVersion.cs" "E:\Repositories\Unity\2025.04.21-Merge-Sticker-Playbook\Merge Sticker Playbook - Color Quest\LunaTemp\stage3\processed-scripts\Assets\Scripts\ObjectAnimation.cs" "E:\Repositories\Unity\2025.04.21-Merge-Sticker-Playbook\Merge Sticker Playbook - Color Quest\LunaTemp\stage3\processed-scripts\Assets\Scripts\TutorialHand.cs" Properties/AssemblyInfo.cs Sources/OtherDummyScript.cs "obj\Debug\.NETFramework,Version=v4.7.AssemblyAttributes.cs"

  CompilerServer: server - server processed compilation - Scripts

_CopyFilesMarkedCopyLocal:
  Copying file from "E:\Repositories\Unity\2025.04.21-Merge-Sticker-Playbook\Merge Sticker Playbook - Color Quest\6.3.0\pipeline\templates\LunaCompiler\packages\Bridge.WebGL.1.22.0\lib\net40\Bridge.WebGL.dll" to "E:\Repositories\Unity\2025.04.21-Merge-Sticker-Playbook\Merge Sticker Playbook - Color Quest\6.3.0\pipeline\templates\LunaCompiler\Scripts\bin\Debug\Bridge.WebGL.dll".

  Copying file from "E:\Repositories\Unity\2025.04.21-Merge-Sticker-Playbook\Merge Sticker Playbook - Color Quest\6.3.0\pipeline\templates\LunaCompiler\packages\Retyped.Core.1.6.6733\lib\net40\Retyped.Core.dll" to "E:\Repositories\Unity\2025.04.21-Merge-Sticker-Playbook\Merge Sticker Playbook - Color Quest\6.3.0\pipeline\templates\LunaCompiler\Scripts\bin\Debug\Retyped.Core.dll".
  Copying file from "E:\Repositories\Unity\2025.04.21-Merge-Sticker-Playbook\Merge Sticker Playbook - Color Quest\6.3.0\pipeline\templates\LunaCompiler\packages\Bridge.Core.17.9.42-luna\lib\net40\Bridge.dll" to "E:\Repositories\Unity\2025.04.21-Merge-Sticker-Playbook\Merge Sticker Playbook - Color Quest\6.3.0\pipeline\templates\LunaCompiler\Scripts\bin\Debug\Bridge.dll".
  Copying file from "E:\Repositories\Unity\2025.04.21-Merge-Sticker-Playbook\Merge Sticker Playbook - Color Quest\6.3.0\pipeline\templates\LunaCompiler\packages\DOTween.1.2.705\lib\net40\DOTween.dll" to "E:\Repositories\Unity\2025.04.21-Merge-Sticker-Playbook\Merge Sticker Playbook - Color Quest\6.3.0\pipeline\templates\LunaCompiler\Scripts\bin\Debug\DOTween.dll".

  Copying file from "E:\Repositories\Unity\2025.04.21-Merge-Sticker-Playbook\Merge Sticker Playbook - Color Quest\6.3.0\pipeline\templates\LunaCompiler\packages\Bridge.Html5.17.9.0\lib\net40\Bridge.Html5.dll" to "E:\Repositories\Unity\2025.04.21-Merge-Sticker-Playbook\Merge Sticker Playbook - Color Quest\6.3.0\pipeline\templates\LunaCompiler\Scripts\bin\Debug\Bridge.Html5.dll".

  Copying file from "E:\Repositories\Unity\2025.04.21-Merge-Sticker-Playbook\Merge Sticker Playbook - Color Quest\6.3.0\pipeline\templates\LunaCompiler\packages\Bridge.Newtonsoft.Json.1.16.0\lib\net40\Newtonsoft.Json.dll" to "E:\Repositories\Unity\2025.04.21-Merge-Sticker-Playbook\Merge Sticker Playbook - Color Quest\6.3.0\pipeline\templates\LunaCompiler\Scripts\bin\Debug\Newtonsoft.Json.dll".

  Copying file from "E:\Repositories\Unity\2025.04.21-Merge-Sticker-Playbook\Merge Sticker Playbook - Color Quest\6.3.0\pipeline\templates\LunaCompiler\packages\Retyped.dom.2.8.6733\lib\net40\Retyped.dom.dll" to "E:\Repositories\Unity\2025.04.21-Merge-Sticker-Playbook\Merge Sticker Playbook - Color Quest\6.3.0\pipeline\templates\LunaCompiler\Scripts\bin\Debug\Retyped.dom.dll".

  Copying file from "E:\Repositories\Unity\2025.04.21-Merge-Sticker-Playbook\Merge Sticker Playbook - Color Quest\6.3.0\pipeline\templates\LunaCompiler\packages\Retyped.scripthost.2.8.6733\lib\net40\Retyped.scripthost.dll" to "E:\Repositories\Unity\2025.04.21-Merge-Sticker-Playbook\Merge Sticker Playbook - Color Quest\6.3.0\pipeline\templates\LunaCompiler\Scripts\bin\Debug\Retyped.scripthost.dll".
  Copying file from "E:\Repositories\Unity\2025.04.21-Merge-Sticker-Playbook\Merge Sticker Playbook - Color Quest\6.3.0\pipeline\templates\LunaCompiler\packages\Retyped.es5.2.8.6733\lib\net40\Retyped.es5.dll" to "E:\Repositories\Unity\2025.04.21-Merge-Sticker-Playbook\Merge Sticker Playbook - Color Quest\6.3.0\pipeline\templates\LunaCompiler\Scripts\bin\Debug\Retyped.es5.dll".

  Copying file from "E:\Repositories\Unity\2025.04.21-Merge-Sticker-Playbook\Merge Sticker Playbook - Color Quest\6.3.0\pipeline\templates\LunaCompiler\packages\com.unity.textmeshpro\3.0.6\TextMeshPro.dll" to "E:\Repositories\Unity\2025.04.21-Merge-Sticker-Playbook\Merge Sticker Playbook - Color Quest\6.3.0\pipeline\templates\LunaCompiler\Scripts\bin\Debug\TextMeshPro.dll".

  Copying file from "E:\Repositories\Unity\2025.04.21-Merge-Sticker-Playbook\Merge Sticker Playbook - Color Quest\6.3.0\pipeline\templates\LunaCompiler\Scripts\Vendor\UnityEngine.dll" to "E:\Repositories\Unity\2025.04.21-Merge-Sticker-Playbook\Merge Sticker Playbook - Color Quest\6.3.0\pipeline\templates\LunaCompiler\Scripts\bin\Debug\UnityEngine.dll".

  Copying file from "E:\Repositories\Unity\2025.04.21-Merge-Sticker-Playbook\Merge Sticker Playbook - Color Quest\6.3.0\pipeline\templates\LunaCompiler\packages\com.unity.ui\1.2.1\UnityEngine.UI.dll" to "E:\Repositories\Unity\2025.04.21-Merge-Sticker-Playbook\Merge Sticker Playbook - Color Quest\6.3.0\pipeline\templates\LunaCompiler\Scripts\bin\Debug\UnityEngine.UI.dll".

  Copying file from "E:\Repositories\Unity\2025.04.21-Merge-Sticker-Playbook\Merge Sticker Playbook - Color Quest\6.3.0\pipeline\templates\LunaCompiler\packages\com.unity.urp\7.6\UnityEngine.UniversalRenderPipeline.dll" to "E:\Repositories\Unity\2025.04.21
-Merge-Sticker-Playbook\Merge Sticker Playbook - Color Quest\6.3.0\pipeline\templates\LunaCompiler\Scripts\bin\Debug\UnityEngine.UniversalRenderPipeline.dll".

  Copying file from "E:\Repositories\Unity\2025.04.21-Merge-Sticker-Playbook\Merge Sticker Playbook - Color Quest\6.3.0\pipeline\templates\LunaCompiler\packages\Bridge.Core.17.9.42-luna\lib\net40\Bridge.xml" to "E:\Repositories\Unity\2025.04.21-Merge-Sticker-Playbook\Merge Sticker Playbook - Color Quest\6.3.0\pipeline\templates\LunaCompiler\Scripts\bin\Debug\Bridge.xml".

  Copying file from "E:\Repositories\Unity\2025.04.21-Merge-Sticker-Playbook\Merge Sticker Playbook - Color Quest\6.3.0\pipeline\templates\LunaCompiler\packages\Bridge.WebGL.1.22.0\lib\net40\Bridge.WebGL.xml" to "E:\Repositories\Unity\2025.04.21-Merge-Sticker-Playbook\Merge Sticker Playbook - Color Quest\6.3.0\pipeline\templates\LunaCompiler\Scripts\bin\Debug\Bridge.WebGL.xml".

  Copying file from "E:\Repositories\Unity\2025.04.21-Merge-Sticker-Playbook\Merge Sticker Playbook - Color Quest\6.3.0\pipeline\templates\LunaCompiler\packages\Bridge.Html5.17.9.0\lib\net40\Bridge.Html5.xml" to "E:\Repositories\Unity\2025.04.21-Merge-Sticker-Playbook\Merge Sticker Playbook - Color Quest\6.3.0\pipeline\templates\LunaCompiler\Scripts\bin\Debug\Bridge.Html5.xml".

  Copying file from "E:\Repositories\Unity\2025.04.21-Merge-Sticker-Playbook\Merge Sticker Playbook - Color Quest\6.3.0\pipeline\templates\LunaCompiler\packages\Bridge.Newtonsoft.Json.1.16.0\lib\net40\Newtonsoft.Json.xml" to "E:\Repositories\Unity\2025.04.21-Merge-Sticker-Playbook\Merge Sticker Playbook - Color Quest\6.3.0\pipeline\templates\LunaCompiler\Scripts\bin\Debug\Newtonsoft.Json.xml".

  Copying file from "E:\Repositories\Unity\2025.04.21-Merge-Sticker-Playbook\Merge Sticker Playbook - Color Quest\6.3.0\pipeline\templates\LunaCompiler\packages\Retyped.Core.1.6.6733\lib\net40\Retyped.Core.xml" to "E:\Repositories\Unity\2025.04.21-Merge-Sticker-Playbook\Merge Sticker Playbook - Color Quest\6.3.0\pipeline\templates\LunaCompiler\Scripts\bin\Debug\Retyped.Core.xml".

  Copying file from "E:\Repositories\Unity\2025.04.21-Merge-Sticker-Playbook\Merge Sticker Playbook - Color Quest\6.3.0\pipeline\templates\LunaCompiler\packages\Retyped.dom.2.8.6733\lib\net40\Retyped.dom.xml" to "E:\Repositories\Unity\2025.04.21-Merge-Sticker-Playbook\Merge Sticker Playbook - Color Quest\6.3.0\pipeline\templates\LunaCompiler\Scripts\bin\Debug\Retyped.dom.xml".

  Copying file from "E:\Repositories\Unity\2025.04.21-Merge-Sticker-Playbook\Merge Sticker Playbook - Color Quest\6.3.0\pipeline\templates\LunaCompiler\packages\Retyped.es5.2.8.6733\lib\net40\Retyped.es5.xml" to "E:\Repositories\Unity\2025.04.21-Merge-Sticker-Playbook\Merge Sticker Playbook - Color Quest\6.3.0\pipeline\templates\LunaCompiler\Scripts\bin\Debug\Retyped.es5.xml".

  Copying file from "E:\Repositories\Unity\2025.04.21-Merge-Sticker-Playbook\Merge Sticker Playbook - Color Quest\6.3.0\pipeline\templates\LunaCompiler\packages\Retyped.scripthost.2.8.6733\lib\net40\Retyped.scripthost.xml" to "E:\Repositories\Unity\2025.04.21-Merge-Sticker-Playbook\Merge Sticker Playbook - Color Quest\6.3.0\pipeline\templates\LunaCompiler\Scripts\bin\Debug\Retyped.scripthost.xml".

  Creating "E:\Repositories\Unity\2025.04.21-Merge-Sticker-Playbook\Merge Sticker Playbook - Color Quest\6.3.0\pipeline\templates\LunaCompiler\Scripts\obj\Debug\Scripts.csproj.Up2Date" because "AlwaysCreate" was specified.

  Touching "E:\Repositories\Unity\2025.04.21-Merge-Sticker-Playbook\Merge Sticker Playbook - Color Quest\6.3.0\pipeline\templates\LunaCompiler\Scripts\obj\Debug\Scripts.csproj.Up2Date".

CopyFilesToOutputDirectory:
  Copying file from "E:\Repositories\Unity\2025.04.21-Merge-Sticker-Playbook\Merge Sticker Playbook - Color Quest\6.3.0\pipeline\templates\LunaCompiler\Scripts\obj\Debug\UnityScriptsCompiler.dll" to "E:\Repositories\Unity\2025.04.21-Merge-Sticker-Playbook\Merge Sticker Playbook - Color Quest\6.3.0\pipeline\templates\LunaCompiler\Scripts\bin\Debug\UnityScriptsCompiler.dll".

  Scripts -> E:\Repositories\Unity\2025.04.21-Merge-Sticker-Playbook\Merge Sticker Playbook - Color Quest\6.3.0\pipeline\templates\LunaCompiler\Scripts\bin\Debug\UnityScriptsCompiler.dll

  Copying file from "E:\Repositories\Unity\2025.04.21-Merge-Sticker-Playbook\Merge Sticker Playbook - Color Quest\6.3.0\pipeline\templates\LunaCompiler\Scripts\obj\Debug\UnityScriptsCompiler.pdb" to "E:\Repositories\Unity\2025.04.21-Merge-Sticker-Playbook\Merge Sticker Playbook - Color Quest\6.3.0\pipeline\templates\LunaCompiler\Scripts\bin\Debug\UnityScriptsCompiler.pdb".

BridgeNetCompilerTask:
  Bridge started

      To enable detailed logging, configure "logging" in bridge.json.
      https://github.com/bridgedotnet/Bridge/wiki/global-configuration#logging

  Bridge done

Done Building Project "E:\Repositories\Unity\2025.04.21-Merge-Sticker-Playbook\Merge Sticker Playbook - Color Quest\6.3.0\pipeline\templates\LunaCompiler\Scripts\Scripts.csproj" (Rebuild target(s)).


Build succeeded.
    0 Warning(s)
    0 Error(s)


Time Elapsed 00:00:09.02

Source code compiled successfully!
﻿
[ error ] $﻿
PHC: LP error code not found in JSON: 3015, JSON file might be outdated. Error message: Sequence contains no matching element

Diagnostics gathered successfully
[ Stage3 ] Code compiled and bundled successfully.
[ Stage4 ] Target platform: playground
[ Stage4 ] Package bundled successfully
navigateto:https://assets-lunalabs-io.s3-accelerate.amazonaws.com/uploads%2Fdirect%2F96ffe020a9084ae62756cc9003ae405d%2FMerge-Sticker-Playerbook-Color-Quest_build.zip
[ Stage4 ] Package uploaded successfully
